This file contains any messages produced by compilers while
running configure, to aid debugging if configure makes a mistake.

It was created by wangyonglin configure 1.0, which was
generated by GNU Autoconf 2.69.  Invocation command line was

  $ ../configure --prefix=/usr/local/wangyonglin

## --------- ##
## Platform. ##
## --------- ##

hostname = localhost.localdomain
uname -m = x86_64
uname -r = 4.18.0-305.3.1.el8.x86_64
uname -s = Linux
uname -v = #1 SMP Tue Jun 1 16:14:33 UTC 2021

/usr/bin/uname -p = x86_64
/bin/uname -X     = unknown

/bin/arch              = x86_64
/usr/bin/arch -k       = unknown
/usr/convex/getsysinfo = unknown
/usr/bin/hostinfo      = unknown
/bin/machine           = unknown
/usr/bin/oslevel       = unknown
/bin/universe          = unknown

PATH: /root/.vscode-server/bin/5554b12acf27056905806867f251c859323ff7e9/bin/remote-cli
PATH: /root/esp/xtensa-lx106-elf/bin
PATH: /usr/local/sbin
PATH: /usr/local/bin
PATH: /usr/sbin
PATH: /usr/bin
PATH: /root/bin


## ----------- ##
## Core tests. ##
## ----------- ##

configure:2447: checking for a BSD-compatible install
configure:2515: result: /usr/bin/install -c
configure:2526: checking whether build environment is sane
configure:2581: result: yes
configure:2732: checking for a thread-safe mkdir -p
configure:2771: result: /usr/bin/mkdir -p
configure:2778: checking for gawk
configure:2794: found /usr/bin/gawk
configure:2805: result: gawk
configure:2816: checking whether make sets $(MAKE)
configure:2838: result: yes
configure:2867: checking whether make supports nested variables
configure:2884: result: yes
configure:3043: checking build system type
configure:3057: result: x86_64-pc-linux-gnu
configure:3077: checking host system type
configure:3090: result: x86_64-pc-linux-gnu
configure:3131: checking how to print strings
configure:3158: result: printf
configure:3183: checking whether make supports the include directive
configure:3198: make -f confmf.GNU && cat confinc.out
this is the am__doit target
configure:3201: $? = 0
configure:3220: result: yes (GNU style)
configure:3290: checking for gcc
configure:3306: found /usr/bin/gcc
configure:3317: result: gcc
configure:3546: checking for C compiler version
configure:3555: gcc --version >&5
gcc (GCC) 8.5.0 20210514 (Red Hat 8.5.0-4)
Copyright (C) 2018 Free Software Foundation, Inc.
This is free software; see the source for copying conditions.  There is NO
warranty; not even for MERCHANTABILITY or FITNESS FOR A PARTICULAR PURPOSE.

configure:3566: $? = 0
configure:3555: gcc -v >&5
Using built-in specs.
COLLECT_GCC=gcc
COLLECT_LTO_WRAPPER=/usr/libexec/gcc/x86_64-redhat-linux/8/lto-wrapper
OFFLOAD_TARGET_NAMES=nvptx-none
OFFLOAD_TARGET_DEFAULT=1
Target: x86_64-redhat-linux
Configured with: ../configure --enable-bootstrap --enable-languages=c,c++,fortran,lto --prefix=/usr --mandir=/usr/share/man --infodir=/usr/share/info --with-bugurl=http://bugzilla.redhat.com/bugzilla --enable-shared --enable-threads=posix --enable-checking=release --enable-multilib --with-system-zlib --enable-__cxa_atexit --disable-libunwind-exceptions --enable-gnu-unique-object --enable-linker-build-id --with-gcc-major-version-only --with-linker-hash-style=gnu --enable-plugin --enable-initfini-array --with-isl --disable-libmpx --enable-offload-targets=nvptx-none --without-cuda-driver --enable-gnu-indirect-function --enable-cet --with-tune=generic --with-arch_32=x86-64 --build=x86_64-redhat-linux
Thread model: posix
gcc version 8.5.0 20210514 (Red Hat 8.5.0-4) (GCC) 
configure:3566: $? = 0
configure:3555: gcc -V >&5
gcc: error: unrecognized command line option '-V'
gcc: fatal error: no input files
compilation terminated.
configure:3566: $? = 1
configure:3555: gcc -qversion >&5
gcc: error: unrecognized command line option '-qversion'; did you mean '--version'?
gcc: fatal error: no input files
compilation terminated.
configure:3566: $? = 1
configure:3586: checking whether the C compiler works
configure:3608: gcc    conftest.c  >&5
configure:3612: $? = 0
configure:3660: result: yes
configure:3663: checking for C compiler default output file name
configure:3665: result: a.out
configure:3671: checking for suffix of executables
configure:3678: gcc -o conftest    conftest.c  >&5
configure:3682: $? = 0
configure:3704: result: 
configure:3726: checking whether we are cross compiling
configure:3734: gcc -o conftest    conftest.c  >&5
configure:3738: $? = 0
configure:3745: ./conftest
configure:3749: $? = 0
configure:3764: result: no
configure:3769: checking for suffix of object files
configure:3791: gcc -c   conftest.c >&5
configure:3795: $? = 0
configure:3816: result: o
configure:3820: checking whether we are using the GNU C compiler
configure:3839: gcc -c   conftest.c >&5
configure:3839: $? = 0
configure:3848: result: yes
configure:3857: checking whether gcc accepts -g
configure:3877: gcc -c -g  conftest.c >&5
configure:3877: $? = 0
configure:3918: result: yes
configure:3935: checking for gcc option to accept ISO C89
configure:3998: gcc  -c -g -O2  conftest.c >&5
configure:3998: $? = 0
configure:4011: result: none needed
configure:4036: checking whether gcc understands -c and -o together
configure:4058: gcc -c conftest.c -o conftest2.o
configure:4061: $? = 0
configure:4058: gcc -c conftest.c -o conftest2.o
configure:4061: $? = 0
configure:4073: result: yes
configure:4092: checking dependency style of gcc
configure:4203: result: gcc3
configure:4218: checking for a sed that does not truncate output
configure:4282: result: /usr/bin/sed
configure:4300: checking for grep that handles long lines and -e
configure:4358: result: /usr/bin/grep
configure:4363: checking for egrep
configure:4425: result: /usr/bin/grep -E
configure:4430: checking for fgrep
configure:4492: result: /usr/bin/grep -F
configure:4527: checking for ld used by gcc
configure:4594: result: /usr/bin/ld
configure:4601: checking if the linker (/usr/bin/ld) is GNU ld
configure:4616: result: yes
configure:4628: checking for BSD- or MS-compatible name lister (nm)
configure:4682: result: /usr/bin/nm -B
configure:4812: checking the name lister (/usr/bin/nm -B) interface
configure:4819: gcc -c -g -O2  conftest.c >&5
configure:4822: /usr/bin/nm -B "conftest.o"
configure:4825: output
0000000000000000 B some_variable
configure:4832: result: BSD nm
configure:4835: checking whether ln -s works
configure:4839: result: yes
configure:4847: checking the maximum length of command line arguments
configure:4978: result: 1572864
configure:5026: checking how to convert x86_64-pc-linux-gnu file names to x86_64-pc-linux-gnu format
configure:5066: result: func_convert_file_noop
configure:5073: checking how to convert x86_64-pc-linux-gnu file names to toolchain format
configure:5093: result: func_convert_file_noop
configure:5100: checking for /usr/bin/ld option to reload object files
configure:5107: result: -r
configure:5181: checking for objdump
configure:5197: found /usr/bin/objdump
configure:5208: result: objdump
configure:5240: checking how to recognize dependent libraries
configure:5440: result: pass_all
configure:5525: checking for dlltool
configure:5555: result: no
configure:5585: checking how to associate runtime and link libraries
configure:5612: result: printf %s\n
configure:5673: checking for ar
configure:5689: found /usr/bin/ar
configure:5700: result: ar
configure:5737: checking for archiver @FILE support
configure:5754: gcc -c -g -O2  conftest.c >&5
configure:5754: $? = 0
configure:5757: ar cru libconftest.a @conftest.lst >&5
configure:5760: $? = 0
configure:5765: ar cru libconftest.a @conftest.lst >&5
ar: conftest.o: No such file or directory
configure:5768: $? = 1
configure:5780: result: @
configure:5838: checking for strip
configure:5854: found /usr/bin/strip
configure:5865: result: strip
configure:5937: checking for ranlib
configure:5953: found /usr/bin/ranlib
configure:5964: result: ranlib
configure:6066: checking command to parse /usr/bin/nm -B output from gcc object
configure:6219: gcc -c -g -O2  conftest.c >&5
configure:6222: $? = 0
configure:6226: /usr/bin/nm -B conftest.o \| sed -n -e 's/^.*[ ]\([ABCDGIRSTW][ABCDGIRSTW]*\)[ ][ ]*\([_A-Za-z][_A-Za-z0-9]*\)$/\1 \2 \2/p' | sed '/ __gnu_lto/d' \> conftest.nm
configure:6229: $? = 0
configure:6295: gcc -o conftest -g -O2   conftest.c conftstm.o >&5
configure:6298: $? = 0
configure:6336: result: ok
configure:6383: checking for sysroot
configure:6413: result: no
configure:6420: checking for a working dd
configure:6458: result: /usr/bin/dd
configure:6462: checking how to truncate binary pipes
configure:6477: result: /usr/bin/dd bs=4096 count=1
configure:6613: gcc -c -g -O2  conftest.c >&5
configure:6616: $? = 0
configure:6806: checking for mt
configure:6836: result: no
configure:6856: checking if : is a manifest tool
configure:6862: : '-?'
configure:6870: result: no
configure:7547: checking how to run the C preprocessor
configure:7578: gcc -E  conftest.c
configure:7578: $? = 0
configure:7592: gcc -E  conftest.c
conftest.c:11:10: fatal error: ac_nonexistent.h: No such file or directory
 #include <ac_nonexistent.h>
          ^~~~~~~~~~~~~~~~~~
compilation terminated.
configure:7592: $? = 1
configure: failed program was:
| /* confdefs.h */
| #define PACKAGE_NAME "wangyonglin"
| #define PACKAGE_TARNAME "wangyonglin"
| #define PACKAGE_VERSION "1.0"
| #define PACKAGE_STRING "wangyonglin 1.0"
| #define PACKAGE_BUGREPORT "admin@wangyonglin.com"
| #define PACKAGE_URL ""
| #define PACKAGE "wangyonglin"
| #define VERSION "1.0"
| /* end confdefs.h.  */
| #include <ac_nonexistent.h>
configure:7617: result: gcc -E
configure:7637: gcc -E  conftest.c
configure:7637: $? = 0
configure:7651: gcc -E  conftest.c
conftest.c:11:10: fatal error: ac_nonexistent.h: No such file or directory
 #include <ac_nonexistent.h>
          ^~~~~~~~~~~~~~~~~~
compilation terminated.
configure:7651: $? = 1
configure: failed program was:
| /* confdefs.h */
| #define PACKAGE_NAME "wangyonglin"
| #define PACKAGE_TARNAME "wangyonglin"
| #define PACKAGE_VERSION "1.0"
| #define PACKAGE_STRING "wangyonglin 1.0"
| #define PACKAGE_BUGREPORT "admin@wangyonglin.com"
| #define PACKAGE_URL ""
| #define PACKAGE "wangyonglin"
| #define VERSION "1.0"
| /* end confdefs.h.  */
| #include <ac_nonexistent.h>
configure:7680: checking for ANSI C header files
configure:7700: gcc -c -g -O2  conftest.c >&5
configure:7700: $? = 0
configure:7773: gcc -o conftest -g -O2   conftest.c  >&5
configure:7773: $? = 0
configure:7773: ./conftest
configure:7773: $? = 0
configure:7784: result: yes
configure:7797: checking for sys/types.h
configure:7797: gcc -c -g -O2  conftest.c >&5
configure:7797: $? = 0
configure:7797: result: yes
configure:7797: checking for sys/stat.h
configure:7797: gcc -c -g -O2  conftest.c >&5
configure:7797: $? = 0
configure:7797: result: yes
configure:7797: checking for stdlib.h
configure:7797: gcc -c -g -O2  conftest.c >&5
configure:7797: $? = 0
configure:7797: result: yes
configure:7797: checking for string.h
configure:7797: gcc -c -g -O2  conftest.c >&5
configure:7797: $? = 0
configure:7797: result: yes
configure:7797: checking for memory.h
configure:7797: gcc -c -g -O2  conftest.c >&5
configure:7797: $? = 0
configure:7797: result: yes
configure:7797: checking for strings.h
configure:7797: gcc -c -g -O2  conftest.c >&5
configure:7797: $? = 0
configure:7797: result: yes
configure:7797: checking for inttypes.h
configure:7797: gcc -c -g -O2  conftest.c >&5
configure:7797: $? = 0
configure:7797: result: yes
configure:7797: checking for stdint.h
configure:7797: gcc -c -g -O2  conftest.c >&5
configure:7797: $? = 0
configure:7797: result: yes
configure:7797: checking for unistd.h
configure:7797: gcc -c -g -O2  conftest.c >&5
configure:7797: $? = 0
configure:7797: result: yes
configure:7811: checking for dlfcn.h
configure:7811: gcc -c -g -O2  conftest.c >&5
configure:7811: $? = 0
configure:7811: result: yes
configure:8067: checking for objdir
configure:8082: result: .libs
configure:8342: checking if gcc supports -fno-rtti -fno-exceptions
configure:8360: gcc -c -g -O2  -fno-rtti -fno-exceptions conftest.c >&5
cc1: warning: command line option '-fno-rtti' is valid for C++/ObjC++ but not for C
configure:8364: $? = 0
configure:8377: result: no
configure:8735: checking for gcc option to produce PIC
configure:8742: result: -fPIC -DPIC
configure:8750: checking if gcc PIC flag -fPIC -DPIC works
configure:8768: gcc -c -g -O2  -fPIC -DPIC -DPIC conftest.c >&5
configure:8772: $? = 0
configure:8785: result: yes
configure:8814: checking if gcc static flag -static works
configure:8842: result: no
configure:8857: checking if gcc supports -c -o file.o
configure:8878: gcc -c -g -O2  -o out/conftest2.o conftest.c >&5
configure:8882: $? = 0
configure:8904: result: yes
configure:8912: checking if gcc supports -c -o file.o
configure:8959: result: yes
configure:8992: checking whether the gcc linker (/usr/bin/ld -m elf_x86_64) supports shared libraries
configure:10251: result: yes
configure:10288: checking whether -lc should be explicitly linked in
configure:10296: gcc -c -g -O2  conftest.c >&5
configure:10299: $? = 0
configure:10314: gcc -shared  -fPIC -DPIC conftest.o  -v -Wl,-soname -Wl,conftest -o conftest 2\>\&1 \| /usr/bin/grep  -lc  \>/dev/null 2\>\&1
configure:10317: $? = 0
configure:10331: result: no
configure:10491: checking dynamic linker characteristics
configure:11072: gcc -o conftest -g -O2   -Wl,-rpath -Wl,/foo conftest.c  >&5
configure:11072: $? = 0
configure:11312: result: GNU/Linux ld.so
configure:11434: checking how to hardcode library paths into programs
configure:11459: result: immediate
configure:12007: checking whether stripping libraries is possible
configure:12012: result: yes
configure:12047: checking if libtool supports shared libraries
configure:12049: result: yes
configure:12052: checking whether to build shared libraries
configure:12077: result: yes
configure:12080: checking whether to build static libraries
configure:12084: result: yes
configure:12181: checking for g++
configure:12197: found /usr/bin/g++
configure:12208: result: g++
configure:12235: checking for C++ compiler version
configure:12244: g++ --version >&5
g++ (GCC) 8.5.0 20210514 (Red Hat 8.5.0-4)
Copyright (C) 2018 Free Software Foundation, Inc.
This is free software; see the source for copying conditions.  There is NO
warranty; not even for MERCHANTABILITY or FITNESS FOR A PARTICULAR PURPOSE.

configure:12255: $? = 0
configure:12244: g++ -v >&5
Using built-in specs.
COLLECT_GCC=g++
COLLECT_LTO_WRAPPER=/usr/libexec/gcc/x86_64-redhat-linux/8/lto-wrapper
OFFLOAD_TARGET_NAMES=nvptx-none
OFFLOAD_TARGET_DEFAULT=1
Target: x86_64-redhat-linux
Configured with: ../configure --enable-bootstrap --enable-languages=c,c++,fortran,lto --prefix=/usr --mandir=/usr/share/man --infodir=/usr/share/info --with-bugurl=http://bugzilla.redhat.com/bugzilla --enable-shared --enable-threads=posix --enable-checking=release --enable-multilib --with-system-zlib --enable-__cxa_atexit --disable-libunwind-exceptions --enable-gnu-unique-object --enable-linker-build-id --with-gcc-major-version-only --with-linker-hash-style=gnu --enable-plugin --enable-initfini-array --with-isl --disable-libmpx --enable-offload-targets=nvptx-none --without-cuda-driver --enable-gnu-indirect-function --enable-cet --with-tune=generic --with-arch_32=x86-64 --build=x86_64-redhat-linux
Thread model: posix
gcc version 8.5.0 20210514 (Red Hat 8.5.0-4) (GCC) 
configure:12255: $? = 0
configure:12244: g++ -V >&5
g++: error: unrecognized command line option '-V'
g++: fatal error: no input files
compilation terminated.
configure:12255: $? = 1
configure:12244: g++ -qversion >&5
g++: error: unrecognized command line option '-qversion'; did you mean '--version'?
g++: fatal error: no input files
compilation terminated.
configure:12255: $? = 1
configure:12259: checking whether we are using the GNU C++ compiler
configure:12278: g++ -c   conftest.cpp >&5
configure:12278: $? = 0
configure:12287: result: yes
configure:12296: checking whether g++ accepts -g
configure:12316: g++ -c -g  conftest.cpp >&5
configure:12316: $? = 0
configure:12357: result: yes
configure:12382: checking dependency style of g++
configure:12493: result: gcc3
configure:12526: checking how to run the C++ preprocessor
configure:12553: g++ -E  conftest.cpp
configure:12553: $? = 0
configure:12567: g++ -E  conftest.cpp
conftest.cpp:23:10: fatal error: ac_nonexistent.h: No such file or directory
 #include <ac_nonexistent.h>
          ^~~~~~~~~~~~~~~~~~
compilation terminated.
configure:12567: $? = 1
configure: failed program was:
| /* confdefs.h */
| #define PACKAGE_NAME "wangyonglin"
| #define PACKAGE_TARNAME "wangyonglin"
| #define PACKAGE_VERSION "1.0"
| #define PACKAGE_STRING "wangyonglin 1.0"
| #define PACKAGE_BUGREPORT "admin@wangyonglin.com"
| #define PACKAGE_URL ""
| #define PACKAGE "wangyonglin"
| #define VERSION "1.0"
| #define STDC_HEADERS 1
| #define HAVE_SYS_TYPES_H 1
| #define HAVE_SYS_STAT_H 1
| #define HAVE_STDLIB_H 1
| #define HAVE_STRING_H 1
| #define HAVE_MEMORY_H 1
| #define HAVE_STRINGS_H 1
| #define HAVE_INTTYPES_H 1
| #define HAVE_STDINT_H 1
| #define HAVE_UNISTD_H 1
| #define HAVE_DLFCN_H 1
| #define LT_OBJDIR ".libs/"
| /* end confdefs.h.  */
| #include <ac_nonexistent.h>
configure:12592: result: g++ -E
configure:12612: g++ -E  conftest.cpp
configure:12612: $? = 0
configure:12626: g++ -E  conftest.cpp
conftest.cpp:23:10: fatal error: ac_nonexistent.h: No such file or directory
 #include <ac_nonexistent.h>
          ^~~~~~~~~~~~~~~~~~
compilation terminated.
configure:12626: $? = 1
configure: failed program was:
| /* confdefs.h */
| #define PACKAGE_NAME "wangyonglin"
| #define PACKAGE_TARNAME "wangyonglin"
| #define PACKAGE_VERSION "1.0"
| #define PACKAGE_STRING "wangyonglin 1.0"
| #define PACKAGE_BUGREPORT "admin@wangyonglin.com"
| #define PACKAGE_URL ""
| #define PACKAGE "wangyonglin"
| #define VERSION "1.0"
| #define STDC_HEADERS 1
| #define HAVE_SYS_TYPES_H 1
| #define HAVE_SYS_STAT_H 1
| #define HAVE_STDLIB_H 1
| #define HAVE_STRING_H 1
| #define HAVE_MEMORY_H 1
| #define HAVE_STRINGS_H 1
| #define HAVE_INTTYPES_H 1
| #define HAVE_STDINT_H 1
| #define HAVE_UNISTD_H 1
| #define HAVE_DLFCN_H 1
| #define LT_OBJDIR ".libs/"
| /* end confdefs.h.  */
| #include <ac_nonexistent.h>
configure:12788: checking for ld used by g++
configure:12855: result: /usr/bin/ld -m elf_x86_64
configure:12862: checking if the linker (/usr/bin/ld -m elf_x86_64) is GNU ld
configure:12877: result: yes
configure:12932: checking whether the g++ linker (/usr/bin/ld -m elf_x86_64) supports shared libraries
configure:14005: result: yes
configure:14041: g++ -c -g -O2  conftest.cpp >&5
configure:14044: $? = 0
configure:14525: checking for g++ option to produce PIC
configure:14532: result: -fPIC -DPIC
configure:14540: checking if g++ PIC flag -fPIC -DPIC works
configure:14558: g++ -c -g -O2  -fPIC -DPIC -DPIC conftest.cpp >&5
configure:14562: $? = 0
configure:14575: result: yes
configure:14598: checking if g++ static flag -static works
configure:14626: result: no
configure:14638: checking if g++ supports -c -o file.o
configure:14659: g++ -c -g -O2  -o out/conftest2.o conftest.cpp >&5
configure:14663: $? = 0
configure:14685: result: yes
configure:14690: checking if g++ supports -c -o file.o
configure:14737: result: yes
configure:14767: checking whether the g++ linker (/usr/bin/ld -m elf_x86_64) supports shared libraries
configure:14807: result: yes
configure:14948: checking dynamic linker characteristics
configure:15696: result: GNU/Linux ld.so
configure:15761: checking how to hardcode library paths into programs
configure:15786: result: immediate
configure:15874: checking for gcc
configure:15901: result: gcc
configure:16130: checking for C compiler version
configure:16139: gcc --version >&5
gcc (GCC) 8.5.0 20210514 (Red Hat 8.5.0-4)
Copyright (C) 2018 Free Software Foundation, Inc.
This is free software; see the source for copying conditions.  There is NO
warranty; not even for MERCHANTABILITY or FITNESS FOR A PARTICULAR PURPOSE.

configure:16150: $? = 0
configure:16139: gcc -v >&5
Using built-in specs.
COLLECT_GCC=gcc
COLLECT_LTO_WRAPPER=/usr/libexec/gcc/x86_64-redhat-linux/8/lto-wrapper
OFFLOAD_TARGET_NAMES=nvptx-none
OFFLOAD_TARGET_DEFAULT=1
Target: x86_64-redhat-linux
Configured with: ../configure --enable-bootstrap --enable-languages=c,c++,fortran,lto --prefix=/usr --mandir=/usr/share/man --infodir=/usr/share/info --with-bugurl=http://bugzilla.redhat.com/bugzilla --enable-shared --enable-threads=posix --enable-checking=release --enable-multilib --with-system-zlib --enable-__cxa_atexit --disable-libunwind-exceptions --enable-gnu-unique-object --enable-linker-build-id --with-gcc-major-version-only --with-linker-hash-style=gnu --enable-plugin --enable-initfini-array --with-isl --disable-libmpx --enable-offload-targets=nvptx-none --without-cuda-driver --enable-gnu-indirect-function --enable-cet --with-tune=generic --with-arch_32=x86-64 --build=x86_64-redhat-linux
Thread model: posix
gcc version 8.5.0 20210514 (Red Hat 8.5.0-4) (GCC) 
configure:16150: $? = 0
configure:16139: gcc -V >&5
gcc: error: unrecognized command line option '-V'
gcc: fatal error: no input files
compilation terminated.
configure:16150: $? = 1
configure:16139: gcc -qversion >&5
gcc: error: unrecognized command line option '-qversion'; did you mean '--version'?
gcc: fatal error: no input files
compilation terminated.
configure:16150: $? = 1
configure:16154: checking whether we are using the GNU C compiler
configure:16182: result: yes
configure:16191: checking whether gcc accepts -g
configure:16252: result: yes
configure:16269: checking for gcc option to accept ISO C89
configure:16345: result: none needed
configure:16370: checking whether gcc understands -c and -o together
configure:16407: result: yes
configure:16426: checking dependency style of gcc
configure:16537: result: gcc3
configure:16556: checking for gawk
configure:16583: result: gawk
configure:16595: checking whether ln -s works
configure:16599: result: yes
configure:16649: checking for ranlib
configure:16676: result: ranlib
configure:16703: checking how to run the C preprocessor
configure:16773: result: gcc -E
configure:16793: gcc -E  conftest.c
configure:16793: $? = 0
configure:16807: gcc -E  conftest.c
conftest.c:23:10: fatal error: ac_nonexistent.h: No such file or directory
 #include <ac_nonexistent.h>
          ^~~~~~~~~~~~~~~~~~
compilation terminated.
configure:16807: $? = 1
configure: failed program was:
| /* confdefs.h */
| #define PACKAGE_NAME "wangyonglin"
| #define PACKAGE_TARNAME "wangyonglin"
| #define PACKAGE_VERSION "1.0"
| #define PACKAGE_STRING "wangyonglin 1.0"
| #define PACKAGE_BUGREPORT "admin@wangyonglin.com"
| #define PACKAGE_URL ""
| #define PACKAGE "wangyonglin"
| #define VERSION "1.0"
| #define STDC_HEADERS 1
| #define HAVE_SYS_TYPES_H 1
| #define HAVE_SYS_STAT_H 1
| #define HAVE_STDLIB_H 1
| #define HAVE_STRING_H 1
| #define HAVE_MEMORY_H 1
| #define HAVE_STRINGS_H 1
| #define HAVE_INTTYPES_H 1
| #define HAVE_STDINT_H 1
| #define HAVE_UNISTD_H 1
| #define HAVE_DLFCN_H 1
| #define LT_OBJDIR ".libs/"
| /* end confdefs.h.  */
| #include <ac_nonexistent.h>
configure:16839: checking for main in -lcjson
configure:16858: gcc -o conftest -g -O2   conftest.c -lcjson   >&5
configure:16858: $? = 0
configure:16867: result: yes
configure:16879: checking for main in -lcrypto
configure:16898: gcc -o conftest -g -O2   conftest.c -lcrypto  -lcjson  >&5
configure:16898: $? = 0
configure:16907: result: yes
configure:16919: checking for main in -levent
configure:16938: gcc -o conftest -g -O2   conftest.c -levent  -lcrypto -lcjson  >&5
configure:16938: $? = 0
configure:16947: result: yes
configure:16959: checking for main in -levent_openssl
configure:16978: gcc -o conftest -g -O2   conftest.c -levent_openssl  -levent -lcrypto -lcjson  >&5
configure:16978: $? = 0
configure:16987: result: yes
configure:16999: checking for main in -lm
configure:17018: gcc -o conftest -g -O2   conftest.c -lm  -levent_openssl -levent -lcrypto -lcjson  >&5
configure:17018: $? = 0
configure:17027: result: yes
configure:17039: checking for main in -lpthread
configure:17058: gcc -o conftest -g -O2   conftest.c -lpthread  -lm -levent_openssl -levent -lcrypto -lcjson  >&5
configure:17058: $? = 0
configure:17067: result: yes
configure:17079: checking for main in -lssl
configure:17098: gcc -o conftest -g -O2   conftest.c -lssl  -lpthread -lm -levent_openssl -levent -lcrypto -lcjson  >&5
configure:17098: $? = 0
configure:17107: result: yes
configure:17122: checking for string.h
configure:17122: result: yes
configure:17134: checking for uint8_t
configure:17134: gcc -c -g -O2  conftest.c >&5
configure:17134: $? = 0
configure:17134: result: yes
configure:17152: checking for stdlib.h
configure:17152: result: yes
configure:17162: checking for GNU libc compatible malloc
configure:17186: gcc -o conftest -g -O2   conftest.c -lssl -lpthread -lm -levent_openssl -levent -lcrypto -lcjson  >&5
configure:17186: $? = 0
configure:17186: ./conftest
configure:17186: $? = 0
configure:17196: result: yes
configure:17219: checking for memset
configure:17219: gcc -o conftest -g -O2   conftest.c -lssl -lpthread -lm -levent_openssl -levent -lcrypto -lcjson  >&5
conftest.c:56:6: warning: conflicting types for built-in function 'memset' [-Wbuiltin-declaration-mismatch]
 char memset ();
      ^~~~~~
configure:17219: $? = 0
configure:17219: result: yes
configure:17340: checking that generated files are newer than configure
configure:17346: result: done
configure:17377: creating ./config.status

## ---------------------- ##
## Running config.status. ##
## ---------------------- ##

This file was extended by wangyonglin config.status 1.0, which was
generated by GNU Autoconf 2.69.  Invocation command line was

  CONFIG_FILES    = 
  CONFIG_HEADERS  = 
  CONFIG_LINKS    = 
  CONFIG_COMMANDS = 
  $ ./config.status 

on localhost.localdomain

config.status:1158: creating Makefile
config.status:1158: creating src/core/Makefile
config.status:1158: creating config.h
config.status:1324: config.h is unchanged
config.status:1372: executing depfiles commands
config.status:1449: cd .       && sed -e '/# am--include-marker/d' Makefile         | make -f - am--depfiles
make: Nothing to be done for 'am--depfiles'.
config.status:1454: $? = 0
config.status:1449: cd src/core       && sed -e '/# am--include-marker/d' Makefile         | make -f - am--depfiles
make: Nothing to be done for 'am--depfiles'.
config.status:1454: $? = 0
config.status:1372: executing libtool commands

## ---------------- ##
## Cache variables. ##
## ---------------- ##

ac_cv_build=x86_64-pc-linux-gnu
ac_cv_c_compiler_gnu=yes
ac_cv_c_uint8_t=yes
ac_cv_cxx_compiler_gnu=yes
ac_cv_env_CCC_set=
ac_cv_env_CCC_value=
ac_cv_env_CC_set=
ac_cv_env_CC_value=
ac_cv_env_CFLAGS_set=
ac_cv_env_CFLAGS_value=
ac_cv_env_CPPFLAGS_set=
ac_cv_env_CPPFLAGS_value=
ac_cv_env_CPP_set=
ac_cv_env_CPP_value=
ac_cv_env_CXXCPP_set=
ac_cv_env_CXXCPP_value=
ac_cv_env_CXXFLAGS_set=
ac_cv_env_CXXFLAGS_value=
ac_cv_env_CXX_set=
ac_cv_env_CXX_value=
ac_cv_env_LDFLAGS_set=
ac_cv_env_LDFLAGS_value=
ac_cv_env_LIBS_set=
ac_cv_env_LIBS_value=
ac_cv_env_LT_SYS_LIBRARY_PATH_set=
ac_cv_env_LT_SYS_LIBRARY_PATH_value=
ac_cv_env_build_alias_set=
ac_cv_env_build_alias_value=
ac_cv_env_host_alias_set=
ac_cv_env_host_alias_value=
ac_cv_env_target_alias_set=
ac_cv_env_target_alias_value=
ac_cv_func_malloc_0_nonnull=yes
ac_cv_func_memset=yes
ac_cv_header_dlfcn_h=yes
ac_cv_header_inttypes_h=yes
ac_cv_header_memory_h=yes
ac_cv_header_stdc=yes
ac_cv_header_stdint_h=yes
ac_cv_header_stdlib_h=yes
ac_cv_header_string_h=yes
ac_cv_header_strings_h=yes
ac_cv_header_sys_stat_h=yes
ac_cv_header_sys_types_h=yes
ac_cv_header_unistd_h=yes
ac_cv_host=x86_64-pc-linux-gnu
ac_cv_lib_cjson_main=yes
ac_cv_lib_crypto_main=yes
ac_cv_lib_event_main=yes
ac_cv_lib_event_openssl_main=yes
ac_cv_lib_m_main=yes
ac_cv_lib_pthread_main=yes
ac_cv_lib_ssl_main=yes
ac_cv_objext=o
ac_cv_path_EGREP='/usr/bin/grep -E'
ac_cv_path_FGREP='/usr/bin/grep -F'
ac_cv_path_GREP=/usr/bin/grep
ac_cv_path_SED=/usr/bin/sed
ac_cv_path_install='/usr/bin/install -c'
ac_cv_path_lt_DD=/usr/bin/dd
ac_cv_path_mkdir=/usr/bin/mkdir
ac_cv_prog_AWK=gawk
ac_cv_prog_CPP='gcc -E'
ac_cv_prog_CXXCPP='g++ -E'
ac_cv_prog_ac_ct_AR=ar
ac_cv_prog_ac_ct_CC=gcc
ac_cv_prog_ac_ct_CXX=g++
ac_cv_prog_ac_ct_OBJDUMP=objdump
ac_cv_prog_ac_ct_RANLIB=ranlib
ac_cv_prog_ac_ct_STRIP=strip
ac_cv_prog_cc_c89=
ac_cv_prog_cc_g=yes
ac_cv_prog_cxx_g=yes
ac_cv_prog_make_make_set=yes
am_cv_CC_dependencies_compiler_type=gcc3
am_cv_CXX_dependencies_compiler_type=gcc3
am_cv_make_support_nested_variables=yes
am_cv_prog_cc_c_o=yes
lt_cv_ar_at_file=@
lt_cv_archive_cmds_need_lc=no
lt_cv_deplibs_check_method=pass_all
lt_cv_file_magic_cmd='$MAGIC_CMD'
lt_cv_file_magic_test_file=
lt_cv_ld_reload_flag=-r
lt_cv_nm_interface='BSD nm'
lt_cv_objdir=.libs
lt_cv_path_LD=/usr/bin/ld
lt_cv_path_LDCXX='/usr/bin/ld -m elf_x86_64'
lt_cv_path_NM='/usr/bin/nm -B'
lt_cv_path_mainfest_tool=no
lt_cv_prog_compiler_c_o=yes
lt_cv_prog_compiler_c_o_CXX=yes
lt_cv_prog_compiler_pic='-fPIC -DPIC'
lt_cv_prog_compiler_pic_CXX='-fPIC -DPIC'
lt_cv_prog_compiler_pic_works=yes
lt_cv_prog_compiler_pic_works_CXX=yes
lt_cv_prog_compiler_rtti_exceptions=no
lt_cv_prog_compiler_static_works=no
lt_cv_prog_compiler_static_works_CXX=no
lt_cv_prog_gnu_ld=yes
lt_cv_prog_gnu_ldcxx=yes
lt_cv_sharedlib_from_linklib_cmd='printf %s\n'
lt_cv_shlibpath_overrides_runpath=no
lt_cv_sys_global_symbol_pipe='sed -n -e '\''s/^.*[	 ]\([ABCDGIRSTW][ABCDGIRSTW]*\)[	 ][	 ]*\([_A-Za-z][_A-Za-z0-9]*\)$/\1 \2 \2/p'\'' | sed '\''/ __gnu_lto/d'\'''
lt_cv_sys_global_symbol_to_c_name_address='sed -n -e '\''s/^: \(.*\) .*$/  {"\1", (void *) 0},/p'\'' -e '\''s/^[ABCDGIRSTW][ABCDGIRSTW]* .* \(.*\)$/  {"\1", (void *) \&\1},/p'\'''
lt_cv_sys_global_symbol_to_c_name_address_lib_prefix='sed -n -e '\''s/^: \(.*\) .*$/  {"\1", (void *) 0},/p'\'' -e '\''s/^[ABCDGIRSTW][ABCDGIRSTW]* .* \(lib.*\)$/  {"\1", (void *) \&\1},/p'\'' -e '\''s/^[ABCDGIRSTW][ABCDGIRSTW]* .* \(.*\)$/  {"lib\1", (void *) \&\1},/p'\'''
lt_cv_sys_global_symbol_to_cdecl='sed -n -e '\''s/^T .* \(.*\)$/extern int \1();/p'\'' -e '\''s/^[ABCDGIRSTW][ABCDGIRSTW]* .* \(.*\)$/extern char \1;/p'\'''
lt_cv_sys_global_symbol_to_import=
lt_cv_sys_max_cmd_len=1572864
lt_cv_to_host_file_cmd=func_convert_file_noop
lt_cv_to_tool_file_cmd=func_convert_file_noop
lt_cv_truncate_bin='/usr/bin/dd bs=4096 count=1'

## ----------------- ##
## Output variables. ##
## ----------------- ##

ACLOCAL='${SHELL} /home/wangyonglin/github/wangyonglin/missing aclocal-1.16'
AMDEPBACKSLASH='\'
AMDEP_FALSE='#'
AMDEP_TRUE=''
AMTAR='$${TAR-tar}'
AM_BACKSLASH='\'
AM_DEFAULT_V='$(AM_DEFAULT_VERBOSITY)'
AM_DEFAULT_VERBOSITY='1'
AM_V='$(V)'
AR='ar'
AUTOCONF='${SHELL} /home/wangyonglin/github/wangyonglin/missing autoconf'
AUTOHEADER='${SHELL} /home/wangyonglin/github/wangyonglin/missing autoheader'
AUTOMAKE='${SHELL} /home/wangyonglin/github/wangyonglin/missing automake-1.16'
AWK='gawk'
CC='gcc'
CCDEPMODE='depmode=gcc3'
CFLAGS='-g -O2'
CPP='gcc -E'
CPPFLAGS=''
CXX='g++'
CXXCPP='g++ -E'
CXXDEPMODE='depmode=gcc3'
CXXFLAGS='-g -O2'
CYGPATH_W='echo'
DEFS='-DHAVE_CONFIG_H'
DEPDIR='.deps'
DLLTOOL='false'
DSYMUTIL=''
DUMPBIN=''
ECHO_C=''
ECHO_N='-n'
ECHO_T=''
EGREP='/usr/bin/grep -E'
EXEEXT=''
FGREP='/usr/bin/grep -F'
GREP='/usr/bin/grep'
INSTALL_DATA='${INSTALL} -m 644'
INSTALL_PROGRAM='${INSTALL}'
INSTALL_SCRIPT='${INSTALL}'
INSTALL_STRIP_PROGRAM='$(install_sh) -c -s'
LD='/usr/bin/ld -m elf_x86_64'
LDFLAGS=''
LIBOBJS=''
LIBS='-lssl -lpthread -lm -levent_openssl -levent -lcrypto -lcjson '
LIBTOOL='$(SHELL) $(top_builddir)/libtool'
LIPO=''
LN_S='ln -s'
LTLIBOBJS=''
LT_SYS_LIBRARY_PATH=''
MAKEINFO='${SHELL} /home/wangyonglin/github/wangyonglin/missing makeinfo'
MANIFEST_TOOL=':'
MKDIR_P='/usr/bin/mkdir -p'
NM='/usr/bin/nm -B'
NMEDIT=''
OBJDUMP='objdump'
OBJEXT='o'
OTOOL64=''
OTOOL=''
PACKAGE='wangyonglin'
PACKAGE_BUGREPORT='admin@wangyonglin.com'
PACKAGE_NAME='wangyonglin'
PACKAGE_STRING='wangyonglin 1.0'
PACKAGE_TARNAME='wangyonglin'
PACKAGE_URL=''
PACKAGE_VERSION='1.0'
PATH_SEPARATOR=':'
RANLIB='ranlib'
SED='/usr/bin/sed'
SET_MAKE=''
SHELL='/bin/sh'
STRIP='strip'
VERSION='1.0'
ac_ct_AR='ar'
ac_ct_CC='gcc'
ac_ct_CXX='g++'
ac_ct_DUMPBIN=''
am__EXEEXT_FALSE=''
am__EXEEXT_TRUE='#'
am__fastdepCC_FALSE='#'
am__fastdepCC_TRUE=''
am__fastdepCXX_FALSE='#'
am__fastdepCXX_TRUE=''
am__include='include'
am__isrc=' -I$(srcdir)'
am__leading_dot='.'
am__nodep='_no'
am__quote=''
am__tar='$${TAR-tar} chof - "$$tardir"'
am__untar='$${TAR-tar} xf -'
bindir='${exec_prefix}/bin'
build='x86_64-pc-linux-gnu'
build_alias=''
build_cpu='x86_64'
build_os='linux-gnu'
build_vendor='pc'
datadir='${datarootdir}'
datarootdir='${prefix}/share'
docdir='${datarootdir}/doc/${PACKAGE_TARNAME}'
dvidir='${docdir}'
exec_prefix='${prefix}'
host='x86_64-pc-linux-gnu'
host_alias=''
host_cpu='x86_64'
host_os='linux-gnu'
host_vendor='pc'
htmldir='${docdir}'
includedir='${prefix}/include'
infodir='${datarootdir}/info'
install_sh='${SHELL} /home/wangyonglin/github/wangyonglin/install-sh'
libdir='${exec_prefix}/lib'
libexecdir='${exec_prefix}/libexec'
localedir='${datarootdir}/locale'
localstatedir='${prefix}/var'
mandir='${datarootdir}/man'
mkdir_p='$(MKDIR_P)'
oldincludedir='/usr/include'
pdfdir='${docdir}'
prefix='/usr/local/wangyonglin'
program_transform_name='s,x,x,'
psdir='${docdir}'
sbindir='${exec_prefix}/sbin'
sharedstatedir='${prefix}/com'
sysconfdir='${prefix}/etc'
target_alias=''

## ----------- ##
## confdefs.h. ##
## ----------- ##

/* confdefs.h */
#define PACKAGE_NAME "wangyonglin"
#define PACKAGE_TARNAME "wangyonglin"
#define PACKAGE_VERSION "1.0"
#define PACKAGE_STRING "wangyonglin 1.0"
#define PACKAGE_BUGREPORT "admin@wangyonglin.com"
#define PACKAGE_URL ""
#define PACKAGE "wangyonglin"
#define VERSION "1.0"
#define STDC_HEADERS 1
#define HAVE_SYS_TYPES_H 1
#define HAVE_SYS_STAT_H 1
#define HAVE_STDLIB_H 1
#define HAVE_STRING_H 1
#define HAVE_MEMORY_H 1
#define HAVE_STRINGS_H 1
#define HAVE_INTTYPES_H 1
#define HAVE_STDINT_H 1
#define HAVE_UNISTD_H 1
#define HAVE_DLFCN_H 1
#define LT_OBJDIR ".libs/"
#define HAVE_LIBCJSON 1
#define HAVE_LIBCRYPTO 1
#define HAVE_LIBEVENT 1
#define HAVE_LIBEVENT_OPENSSL 1
#define HAVE_LIBM 1
#define HAVE_LIBPTHREAD 1
#define HAVE_LIBSSL 1
#define HAVE_STRING_H 1
#define HAVE_STDLIB_H 1
#define HAVE_MALLOC 1
#define HAVE_MEMSET 1

configure: exit 0
