make all --print-data-base --no-builtin-variables --no-builtin-rules --question
make: *** No rule to make target 'all'.  Stop.

# GNU Make 4.2.1
# Built for x86_64-redhat-linux-gnu
# Copyright (C) 1988-2016 Free Software Foundation, Inc.
# License GPLv3+: GNU GPL version 3 or later <http://gnu.org/licenses/gpl.html>
# This is free software: you are free to change and redistribute it.
# There is NO WARRANTY, to the extent permitted by law.

# Make data base, printed on Fri Jun  3 13:17:28 2022

# Variables

# automatic
<D = $(patsubst %/,%,$(dir $<))
# automatic
?F = $(notdir $?)
# default
.SHELLFLAGS := -c
# environment
VSCODE_AGENT_FOLDER = /root/.vscode-server-insiders
# environment
VSCODE_LOG_NATIVE = false
# automatic
?D = $(patsubst %/,%,$(dir $?))
# automatic
@D = $(patsubst %/,%,$(dir $@))
# automatic
@F = $(notdir $@)
# default
MAKE_VERSION := 4.2.1
# makefile
CURDIR := /home/wangyonglin/github/wangyonglin
# makefile
SHELL = /bin/sh
# environment
VSCODE_NLS_CONFIG = {"locale":"zh-cn","availableLanguages":{"*":"zh-cn"},"_languagePackId":"d7f6db591c7d3a6a923d60f42c6bee7e.zh-cn","_translationsConfigFile":"/root/.vscode-server-insiders/data/clp/d7f6db591c7d3a6a923d60f42c6bee7e.zh-cn/tcf.json","_cacheRoot":"/root/.vscode-server-insiders/data/clp/d7f6db591c7d3a6a923d60f42c6bee7e.zh-cn","_resolvedLanguagePackCoreLocation":"/root/.vscode-server-insiders/data/clp/d7f6db591c7d3a6a923d60f42c6bee7e.zh-cn/6428d0fc7dae5801cdaf2d160ac39a3dfc8f0c06","_corruptedFile":"/root/.vscode-server-insiders/data/clp/d7f6db591c7d3a6a923d60f42c6bee7e.zh-cn/corrupted.info","_languagePackSupport":true}
# environment
_ = /usr/bin/make
# makefile
MAKEFILE_LIST := 
# environment
HISTCONTROL = ignoredups
# 'override' directive
GNUMAKEFLAGS := 
# environment
XDG_DATA_DIRS = /root/.local/share/flatpak/exports/share:/var/lib/flatpak/exports/share:/usr/local/share:/usr/share
# environment
DBUS_SESSION_BUS_ADDRESS = unix:path=/run/user/0/bus
# environment
VSCODE_VERBOSE_LOGGING = true
# environment
LESSOPEN = ||/usr/bin/lesspipe.sh %s
# environment
VSCODE_CWD = /root
# environment
SSH_CONNECTION = 192.168.1.3 49789 192.168.1.2 22
# environment
PATH = /root/.vscode-server-insiders/bin/6428d0fc7dae5801cdaf2d160ac39a3dfc8f0c06/bin/remote-cli:/root/esp/xtensa-lx106-elf/bin:/usr/local/sbin:/usr/local/bin:/usr/sbin:/usr/bin:/root/bin
# environment
XDG_RUNTIME_DIR = /run/user/0
# environment
VSCODE_LOG_STACK = false
# environment
VSCODE_IPC_HOOK_CLI = /run/user/0/vscode-ipc-bb4d84b4-4e0f-4a5d-b22d-fa7e98d35125.sock
# default
.FEATURES := target-specific order-only second-expansion else-if shortest-stem undefine oneshell archives jobserver output-sync check-symlink load
# automatic
%F = $(notdir $%)
# environment
VSCODE_PIPE_LOGGING = true
# environment
PWD = /home/wangyonglin/github/wangyonglin
# default
.LOADED := 
# automatic
*D = $(patsubst %/,%,$(dir $*))
# environment
VSCODE_AMD_ENTRYPOINT = vs/workbench/api/node/extensionHostProcess
# environment
HOME = /root
# environment
LOGNAME = root
# environment
APPLICATION_INSIGHTS_NO_DIAGNOSTIC_CHANNEL = true
# automatic
+F = $(notdir $+)
# environment
SELINUX_LEVEL_REQUESTED = 
# environment
VSCODE_HANDLES_UNCAUGHT_ERRORS = true
# automatic
^D = $(patsubst %/,%,$(dir $^))
# environment
HOSTNAME = localhost.localdomain
# environment
MAKELEVEL := 0
# environment
SSH_ASKPASS = /usr/libexec/openssh/gnome-ssh-askpass
# default
MAKE = $(MAKE_COMMAND)
# default
MAKECMDGOALS := all
# environment
SHLVL = 5
# environment
XDG_SESSION_ID = 69
# environment
USER = root
# makefile
.DEFAULT_GOAL := 
# automatic
%D = $(patsubst %/,%,$(dir $%))
# default
MAKE_COMMAND := make
# default
.VARIABLES := 
# automatic
*F = $(notdir $*)
# makefile
MAKEFLAGS = pqrR
# environment
MFLAGS = -pqrR
# environment
SSH_CLIENT = 192.168.1.3 49789 22
# environment
MAIL = /var/spool/mail/root
# environment
IDF_PATH = /root/esp/ESP8266_RTOS_SDK
 
# automatic
+D = $(patsubst %/,%,$(dir $+))
# environment
BROWSER = /root/.vscode-server-insiders/bin/6428d0fc7dae5801cdaf2d160ac39a3dfc8f0c06/bin/helpers/browser.sh
# environment
VSCODE_HANDLES_SIGPIPE = true
# default
MAKEFILES := 
# environment
SELINUX_USE_CURRENT_RANGE = 
# automatic
<F = $(notdir $<)
# environment
LC_ALL = C
# automatic
^F = $(notdir $^)
# environment
SELINUX_ROLE_REQUESTED = 
# default
SUFFIXES := 
# environment
HISTSIZE = 1000
# default
.INCLUDE_DIRS = /usr/include /usr/local/include /usr/include
# default
.RECIPEPREFIX := 
# default
MAKE_HOST := x86_64-redhat-linux-gnu
# environment
LANG = C
# environment
VSCODE_EXTHOST_WILL_SEND_SOCKET = true
# variable set hash-table stats:
# Load=74/1024=7%, Rehash=0, Collisions=10/96=10%

# Pattern-specific Variable Values

# No pattern-specific variable values.

# Directories

# . (device 64768, inode 1070499): 32 files, no impossibilities.

# 32 files, no impossibilities in 1 directories.

# Implicit Rules

# No implicit rules.

# Files

# Not a target:
all:
#  Command line target.
#  Implicit rule search has been done.
#  File does not exist.
#  File has not been updated.

# Not a target:
Makefile:
#  Implicit rule search has been done.
#  File does not exist.
#  File has been updated.
#  Failed to be updated.

# Not a target:
makefile:
#  Implicit rule search has been done.
#  File does not exist.
#  File has been updated.
#  Failed to be updated.

# Not a target:
.DEFAULT:
#  Implicit rule search has not been done.
#  Modification time never checked.
#  File has not been updated.

# Not a target:
GNUmakefile:
#  Implicit rule search has been done.
#  File does not exist.
#  File has been updated.
#  Failed to be updated.

# files hash-table stats:
# Load=6/1024=1%, Rehash=0, Collisions=0/15=0%
# VPATH Search Paths

# No 'vpath' search paths.

# No general ('VPATH' variable) search path.

# strcache buffers: 1 (0) / strings = 40 / storage = 370 B / avg = 9 B
# current buf: size = 8162 B / used = 370 B / count = 40 / avg = 9 B

# strcache performance: lookups = 43 / hit rate = 6%
# hash-table stats:
# Load=40/8192=0%, Rehash=0, Collisions=1/43=2%
# Finished Make data base on Fri Jun  3 13:17:28 2022

 
